29.04.2024 - 17:15:01 - [TAB v4.1.4] Failed to enable. Did you just invent a new way to break the plugin by misconfiguring it?
29.04.2024 - 17:15:01 - java.lang.ArrayIndexOutOfBoundsException: Index 0 out of bounds for length 0
29.04.2024 - 17:15:01 - 	at me.neznamy.tab.libs.me.neznamy.yamlassist.types.BadIndentation.checkForIndent(BadIndentation.java:30)
29.04.2024 - 17:15:01 - 	at me.neznamy.tab.libs.me.neznamy.yamlassist.types.BadIndentation.getSuggestions(BadIndentation.java:17)
29.04.2024 - 17:15:01 - 	at me.neznamy.tab.libs.me.neznamy.yamlassist.YamlAssist.getSuggestions(YamlAssist.java:63)
29.04.2024 - 17:15:01 - 	at me.neznamy.tab.shared.config.file.YamlConfigurationFile.<init>(YamlConfigurationFile.java:61)
29.04.2024 - 17:15:01 - 	at me.neznamy.tab.shared.config.Configs.<init>(Configs.java:31)
29.04.2024 - 17:15:01 - 	at me.neznamy.tab.shared.TAB.load(TAB.java:171)
29.04.2024 - 17:15:01 - 	at me.neznamy.tab.shared.command.ReloadCommand.execute(ReloadCommand.java:24)
29.04.2024 - 17:15:01 - 	at me.neznamy.tab.shared.command.TabCommand.execute(TabCommand.java:52)
29.04.2024 - 17:15:01 - 	at me.neznamy.tab.platforms.bukkit.BukkitTabCommand.onCommand(BukkitTabCommand.java:34)
29.04.2024 - 17:15:01 - 	at org.bukkit.command.PluginCommand.execute(PluginCommand.java:45)
29.04.2024 - 17:15:01 - 	at org.bukkit.command.SimpleCommandMap.dispatch(SimpleCommandMap.java:146)
29.04.2024 - 17:15:01 - 	at org.bukkit.craftbukkit.v1_8_R3.CraftServer.dispatchCommand(CraftServer.java:666)
29.04.2024 - 17:15:01 - 	at net.minecraft.server.v1_8_R3.PlayerConnection.handleCommand(PlayerConnection.java:1189)
29.04.2024 - 17:15:01 - 	at net.minecraft.server.v1_8_R3.PlayerConnection.a(PlayerConnection.java:1001)
29.04.2024 - 17:15:01 - 	at net.minecraft.server.v1_8_R3.PacketPlayInChat.a(PacketPlayInChat.java:45)
29.04.2024 - 17:15:01 - 	at net.minecraft.server.v1_8_R3.PacketPlayInChat.a(PacketPlayInChat.java:1)
29.04.2024 - 17:15:01 - 	at net.minecraft.server.v1_8_R3.PlayerConnectionUtils$1.run(SourceFile:13)
29.04.2024 - 17:15:01 - 	at java.base/java.util.concurrent.Executors$RunnableAdapter.call(Executors.java:572)
29.04.2024 - 17:15:01 - 	at java.base/java.util.concurrent.FutureTask.run(FutureTask.java:317)
29.04.2024 - 17:15:01 - 	at net.minecraft.server.v1_8_R3.SystemUtils.a(SourceFile:44)
29.04.2024 - 17:15:01 - 	at net.minecraft.server.v1_8_R3.MinecraftServer.B(MinecraftServer.java:774)
29.04.2024 - 17:15:01 - 	at net.minecraft.server.v1_8_R3.DedicatedServer.B(DedicatedServer.java:378)
29.04.2024 - 17:15:01 - 	at net.minecraft.server.v1_8_R3.MinecraftServer.A(MinecraftServer.java:713)
29.04.2024 - 17:15:01 - 	at net.minecraft.server.v1_8_R3.MinecraftServer.run(MinecraftServer.java:616)
29.04.2024 - 17:15:01 - 	at java.base/java.lang.Thread.run(Thread.java:1583)
29.04.2024 - 17:15:06 - [TAB v4.1.4] Failed to enable. Did you just invent a new way to break the plugin by misconfiguring it?
29.04.2024 - 17:15:06 - java.lang.ArrayIndexOutOfBoundsException: Index 0 out of bounds for length 0
29.04.2024 - 17:15:06 - 	at me.neznamy.tab.libs.me.neznamy.yamlassist.types.BadIndentation.checkForIndent(BadIndentation.java:30)
29.04.2024 - 17:15:06 - 	at me.neznamy.tab.libs.me.neznamy.yamlassist.types.BadIndentation.getSuggestions(BadIndentation.java:17)
29.04.2024 - 17:15:06 - 	at me.neznamy.tab.libs.me.neznamy.yamlassist.YamlAssist.getSuggestions(YamlAssist.java:63)
29.04.2024 - 17:15:06 - 	at me.neznamy.tab.shared.config.file.YamlConfigurationFile.<init>(YamlConfigurationFile.java:61)
29.04.2024 - 17:15:06 - 	at me.neznamy.tab.shared.config.Configs.<init>(Configs.java:31)
29.04.2024 - 17:15:06 - 	at me.neznamy.tab.shared.TAB.load(TAB.java:171)
29.04.2024 - 17:15:06 - 	at me.neznamy.tab.shared.command.DisabledCommand.execute(DisabledCommand.java:30)
29.04.2024 - 17:15:06 - 	at me.neznamy.tab.platforms.bukkit.BukkitTabCommand.onCommand(BukkitTabCommand.java:25)
29.04.2024 - 17:15:06 - 	at org.bukkit.command.PluginCommand.execute(PluginCommand.java:45)
29.04.2024 - 17:15:06 - 	at org.bukkit.command.SimpleCommandMap.dispatch(SimpleCommandMap.java:146)
29.04.2024 - 17:15:06 - 	at org.bukkit.craftbukkit.v1_8_R3.CraftServer.dispatchCommand(CraftServer.java:666)
29.04.2024 - 17:15:06 - 	at net.minecraft.server.v1_8_R3.PlayerConnection.handleCommand(PlayerConnection.java:1189)
29.04.2024 - 17:15:06 - 	at net.minecraft.server.v1_8_R3.PlayerConnection.a(PlayerConnection.java:1001)
29.04.2024 - 17:15:06 - 	at net.minecraft.server.v1_8_R3.PacketPlayInChat.a(PacketPlayInChat.java:45)
29.04.2024 - 17:15:06 - 	at net.minecraft.server.v1_8_R3.PacketPlayInChat.a(PacketPlayInChat.java:1)
29.04.2024 - 17:15:06 - 	at net.minecraft.server.v1_8_R3.PlayerConnectionUtils$1.run(SourceFile:13)
29.04.2024 - 17:15:06 - 	at java.base/java.util.concurrent.Executors$RunnableAdapter.call(Executors.java:572)
29.04.2024 - 17:15:06 - 	at java.base/java.util.concurrent.FutureTask.run(FutureTask.java:317)
29.04.2024 - 17:15:06 - 	at net.minecraft.server.v1_8_R3.SystemUtils.a(SourceFile:44)
29.04.2024 - 17:15:06 - 	at net.minecraft.server.v1_8_R3.MinecraftServer.B(MinecraftServer.java:774)
29.04.2024 - 17:15:06 - 	at net.minecraft.server.v1_8_R3.DedicatedServer.B(DedicatedServer.java:378)
29.04.2024 - 17:15:06 - 	at net.minecraft.server.v1_8_R3.MinecraftServer.A(MinecraftServer.java:713)
29.04.2024 - 17:15:06 - 	at net.minecraft.server.v1_8_R3.MinecraftServer.run(MinecraftServer.java:616)
29.04.2024 - 17:15:06 - 	at java.base/java.lang.Thread.run(Thread.java:1583)
29.04.2024 - 17:15:09 - [TAB v4.1.4] Failed to enable. Did you just invent a new way to break the plugin by misconfiguring it?
29.04.2024 - 17:15:09 - java.lang.ArrayIndexOutOfBoundsException: Index 0 out of bounds for length 0
29.04.2024 - 17:15:09 - 	at me.neznamy.tab.libs.me.neznamy.yamlassist.types.BadIndentation.checkForIndent(BadIndentation.java:30)
29.04.2024 - 17:15:09 - 	at me.neznamy.tab.libs.me.neznamy.yamlassist.types.BadIndentation.getSuggestions(BadIndentation.java:17)
29.04.2024 - 17:15:09 - 	at me.neznamy.tab.libs.me.neznamy.yamlassist.YamlAssist.getSuggestions(YamlAssist.java:63)
29.04.2024 - 17:15:09 - 	at me.neznamy.tab.shared.config.file.YamlConfigurationFile.<init>(YamlConfigurationFile.java:61)
29.04.2024 - 17:15:09 - 	at me.neznamy.tab.shared.config.Configs.<init>(Configs.java:31)
29.04.2024 - 17:15:09 - 	at me.neznamy.tab.shared.TAB.load(TAB.java:171)
29.04.2024 - 17:15:09 - 	at me.neznamy.tab.shared.command.DisabledCommand.execute(DisabledCommand.java:30)
29.04.2024 - 17:15:09 - 	at me.neznamy.tab.platforms.bukkit.BukkitTabCommand.onCommand(BukkitTabCommand.java:25)
29.04.2024 - 17:15:09 - 	at org.bukkit.command.PluginCommand.execute(PluginCommand.java:45)
29.04.2024 - 17:15:09 - 	at org.bukkit.command.SimpleCommandMap.dispatch(SimpleCommandMap.java:146)
29.04.2024 - 17:15:09 - 	at org.bukkit.craftbukkit.v1_8_R3.CraftServer.dispatchCommand(CraftServer.java:666)
29.04.2024 - 17:15:09 - 	at net.minecraft.server.v1_8_R3.PlayerConnection.handleCommand(PlayerConnection.java:1189)
29.04.2024 - 17:15:09 - 	at net.minecraft.server.v1_8_R3.PlayerConnection.a(PlayerConnection.java:1001)
29.04.2024 - 17:15:09 - 	at net.minecraft.server.v1_8_R3.PacketPlayInChat.a(PacketPlayInChat.java:45)
29.04.2024 - 17:15:09 - 	at net.minecraft.server.v1_8_R3.PacketPlayInChat.a(PacketPlayInChat.java:1)
29.04.2024 - 17:15:09 - 	at net.minecraft.server.v1_8_R3.PlayerConnectionUtils$1.run(SourceFile:13)
29.04.2024 - 17:15:09 - 	at java.base/java.util.concurrent.Executors$RunnableAdapter.call(Executors.java:572)
29.04.2024 - 17:15:09 - 	at java.base/java.util.concurrent.FutureTask.run(FutureTask.java:317)
29.04.2024 - 17:15:09 - 	at net.minecraft.server.v1_8_R3.SystemUtils.a(SourceFile:44)
29.04.2024 - 17:15:09 - 	at net.minecraft.server.v1_8_R3.MinecraftServer.B(MinecraftServer.java:774)
29.04.2024 - 17:15:09 - 	at net.minecraft.server.v1_8_R3.DedicatedServer.B(DedicatedServer.java:378)
29.04.2024 - 17:15:09 - 	at net.minecraft.server.v1_8_R3.MinecraftServer.A(MinecraftServer.java:713)
29.04.2024 - 17:15:09 - 	at net.minecraft.server.v1_8_R3.MinecraftServer.run(MinecraftServer.java:616)
29.04.2024 - 17:15:09 - 	at java.base/java.lang.Thread.run(Thread.java:1583)
29.04.2024 - 17:16:25 - [TAB v4.1.4] Failed to enable. Did you just invent a new way to break the plugin by misconfiguring it?
29.04.2024 - 17:16:25 - java.lang.ArrayIndexOutOfBoundsException: Index 0 out of bounds for length 0
29.04.2024 - 17:16:25 - 	at me.neznamy.tab.libs.me.neznamy.yamlassist.types.BadIndentation.checkForIndent(BadIndentation.java:30)
29.04.2024 - 17:16:25 - 	at me.neznamy.tab.libs.me.neznamy.yamlassist.types.BadIndentation.getSuggestions(BadIndentation.java:17)
29.04.2024 - 17:16:25 - 	at me.neznamy.tab.libs.me.neznamy.yamlassist.YamlAssist.getSuggestions(YamlAssist.java:63)
29.04.2024 - 17:16:25 - 	at me.neznamy.tab.shared.config.file.YamlConfigurationFile.<init>(YamlConfigurationFile.java:61)
29.04.2024 - 17:16:25 - 	at me.neznamy.tab.shared.config.Configs.<init>(Configs.java:31)
29.04.2024 - 17:16:25 - 	at me.neznamy.tab.shared.TAB.load(TAB.java:171)
29.04.2024 - 17:16:25 - 	at me.neznamy.tab.shared.TAB.create(TAB.java:118)
29.04.2024 - 17:16:25 - 	at me.neznamy.tab.platforms.bukkit.BukkitTAB.onEnable(BukkitTAB.java:17)
29.04.2024 - 17:16:25 - 	at org.bukkit.plugin.java.JavaPlugin.setEnabled(JavaPlugin.java:321)
29.04.2024 - 17:16:25 - 	at org.bukkit.plugin.java.JavaPluginLoader.enablePlugin(JavaPluginLoader.java:332)
29.04.2024 - 17:16:25 - 	at org.bukkit.plugin.SimplePluginManager.enablePlugin(SimplePluginManager.java:407)
29.04.2024 - 17:16:25 - 	at org.bukkit.craftbukkit.v1_8_R3.CraftServer.loadPlugin(CraftServer.java:359)
29.04.2024 - 17:16:25 - 	at org.bukkit.craftbukkit.v1_8_R3.CraftServer.enablePlugins(CraftServer.java:318)
29.04.2024 - 17:16:25 - 	at net.minecraft.server.v1_8_R3.MinecraftServer.s(MinecraftServer.java:408)
29.04.2024 - 17:16:25 - 	at net.minecraft.server.v1_8_R3.MinecraftServer.k(MinecraftServer.java:372)
29.04.2024 - 17:16:25 - 	at net.minecraft.server.v1_8_R3.MinecraftServer.a(MinecraftServer.java:327)
29.04.2024 - 17:16:25 - 	at net.minecraft.server.v1_8_R3.DedicatedServer.init(DedicatedServer.java:267)
29.04.2024 - 17:16:25 - 	at net.minecraft.server.v1_8_R3.MinecraftServer.run(MinecraftServer.java:563)
29.04.2024 - 17:16:25 - 	at java.base/java.lang.Thread.run(Thread.java:1583)
29.04.2024 - 17:17:12 - [TAB v4.1.4] Failed to enable. Did you just invent a new way to break the plugin by misconfiguring it?
29.04.2024 - 17:17:12 - java.lang.ArrayIndexOutOfBoundsException: Index 0 out of bounds for length 0
29.04.2024 - 17:17:12 - 	at me.neznamy.tab.libs.me.neznamy.yamlassist.types.BadIndentation.checkForIndent(BadIndentation.java:30)
29.04.2024 - 17:17:12 - 	at me.neznamy.tab.libs.me.neznamy.yamlassist.types.BadIndentation.getSuggestions(BadIndentation.java:17)
29.04.2024 - 17:17:12 - 	at me.neznamy.tab.libs.me.neznamy.yamlassist.YamlAssist.getSuggestions(YamlAssist.java:63)
29.04.2024 - 17:17:12 - 	at me.neznamy.tab.shared.config.file.YamlConfigurationFile.<init>(YamlConfigurationFile.java:61)
29.04.2024 - 17:17:12 - 	at me.neznamy.tab.shared.config.Configs.<init>(Configs.java:31)
29.04.2024 - 17:17:12 - 	at me.neznamy.tab.shared.TAB.load(TAB.java:171)
29.04.2024 - 17:17:12 - 	at me.neznamy.tab.shared.command.DisabledCommand.execute(DisabledCommand.java:30)
29.04.2024 - 17:17:12 - 	at me.neznamy.tab.platforms.bukkit.BukkitTabCommand.onCommand(BukkitTabCommand.java:25)
29.04.2024 - 17:17:12 - 	at org.bukkit.command.PluginCommand.execute(PluginCommand.java:45)
29.04.2024 - 17:17:12 - 	at org.bukkit.command.SimpleCommandMap.dispatch(SimpleCommandMap.java:146)
29.04.2024 - 17:17:12 - 	at org.bukkit.craftbukkit.v1_8_R3.CraftServer.dispatchCommand(CraftServer.java:666)
29.04.2024 - 17:17:12 - 	at net.minecraft.server.v1_8_R3.PlayerConnection.handleCommand(PlayerConnection.java:1189)
29.04.2024 - 17:17:12 - 	at net.minecraft.server.v1_8_R3.PlayerConnection.a(PlayerConnection.java:1001)
29.04.2024 - 17:17:12 - 	at net.minecraft.server.v1_8_R3.PacketPlayInChat.a(PacketPlayInChat.java:45)
29.04.2024 - 17:17:12 - 	at net.minecraft.server.v1_8_R3.PacketPlayInChat.a(PacketPlayInChat.java:1)
29.04.2024 - 17:17:12 - 	at net.minecraft.server.v1_8_R3.PlayerConnectionUtils$1.run(SourceFile:13)
29.04.2024 - 17:17:12 - 	at java.base/java.util.concurrent.Executors$RunnableAdapter.call(Executors.java:572)
29.04.2024 - 17:17:12 - 	at java.base/java.util.concurrent.FutureTask.run(FutureTask.java:317)
29.04.2024 - 17:17:12 - 	at net.minecraft.server.v1_8_R3.SystemUtils.a(SourceFile:44)
29.04.2024 - 17:17:12 - 	at net.minecraft.server.v1_8_R3.MinecraftServer.B(MinecraftServer.java:774)
29.04.2024 - 17:17:12 - 	at net.minecraft.server.v1_8_R3.DedicatedServer.B(DedicatedServer.java:378)
29.04.2024 - 17:17:12 - 	at net.minecraft.server.v1_8_R3.MinecraftServer.A(MinecraftServer.java:713)
29.04.2024 - 17:17:12 - 	at net.minecraft.server.v1_8_R3.MinecraftServer.run(MinecraftServer.java:616)
29.04.2024 - 17:17:12 - 	at java.base/java.lang.Thread.run(Thread.java:1583)
29.04.2024 - 17:21:39 - [TAB v4.1.4] Failed to enable. Did you just invent a new way to break the plugin by misconfiguring it?
29.04.2024 - 17:21:39 - java.lang.ArrayIndexOutOfBoundsException: Index 0 out of bounds for length 0
29.04.2024 - 17:21:39 - 	at me.neznamy.tab.libs.me.neznamy.yamlassist.types.BadIndentation.checkForIndent(BadIndentation.java:30)
29.04.2024 - 17:21:39 - 	at me.neznamy.tab.libs.me.neznamy.yamlassist.types.BadIndentation.getSuggestions(BadIndentation.java:17)
29.04.2024 - 17:21:39 - 	at me.neznamy.tab.libs.me.neznamy.yamlassist.YamlAssist.getSuggestions(YamlAssist.java:63)
29.04.2024 - 17:21:39 - 	at me.neznamy.tab.shared.config.file.YamlConfigurationFile.<init>(YamlConfigurationFile.java:61)
29.04.2024 - 17:21:39 - 	at me.neznamy.tab.shared.config.Configs.<init>(Configs.java:31)
29.04.2024 - 17:21:39 - 	at me.neznamy.tab.shared.TAB.load(TAB.java:171)
29.04.2024 - 17:21:39 - 	at me.neznamy.tab.shared.command.ReloadCommand.execute(ReloadCommand.java:24)
29.04.2024 - 17:21:39 - 	at me.neznamy.tab.shared.command.TabCommand.execute(TabCommand.java:52)
29.04.2024 - 17:21:39 - 	at me.neznamy.tab.platforms.bukkit.BukkitTabCommand.onCommand(BukkitTabCommand.java:34)
29.04.2024 - 17:21:39 - 	at org.bukkit.command.PluginCommand.execute(PluginCommand.java:45)
29.04.2024 - 17:21:39 - 	at org.bukkit.command.SimpleCommandMap.dispatch(SimpleCommandMap.java:146)
29.04.2024 - 17:21:39 - 	at org.bukkit.craftbukkit.v1_8_R3.CraftServer.dispatchCommand(CraftServer.java:666)
29.04.2024 - 17:21:39 - 	at net.minecraft.server.v1_8_R3.PlayerConnection.handleCommand(PlayerConnection.java:1189)
29.04.2024 - 17:21:39 - 	at net.minecraft.server.v1_8_R3.PlayerConnection.a(PlayerConnection.java:1001)
29.04.2024 - 17:21:39 - 	at net.minecraft.server.v1_8_R3.PacketPlayInChat.a(PacketPlayInChat.java:45)
29.04.2024 - 17:21:39 - 	at net.minecraft.server.v1_8_R3.PacketPlayInChat.a(PacketPlayInChat.java:1)
29.04.2024 - 17:21:39 - 	at net.minecraft.server.v1_8_R3.PlayerConnectionUtils$1.run(SourceFile:13)
29.04.2024 - 17:21:39 - 	at java.base/java.util.concurrent.Executors$RunnableAdapter.call(Executors.java:572)
29.04.2024 - 17:21:39 - 	at java.base/java.util.concurrent.FutureTask.run(FutureTask.java:317)
29.04.2024 - 17:21:39 - 	at net.minecraft.server.v1_8_R3.SystemUtils.a(SourceFile:44)
29.04.2024 - 17:21:39 - 	at net.minecraft.server.v1_8_R3.MinecraftServer.B(MinecraftServer.java:774)
29.04.2024 - 17:21:39 - 	at net.minecraft.server.v1_8_R3.DedicatedServer.B(DedicatedServer.java:378)
29.04.2024 - 17:21:39 - 	at net.minecraft.server.v1_8_R3.MinecraftServer.A(MinecraftServer.java:713)
29.04.2024 - 17:21:39 - 	at net.minecraft.server.v1_8_R3.MinecraftServer.run(MinecraftServer.java:616)
29.04.2024 - 17:21:39 - 	at java.base/java.lang.Thread.run(Thread.java:1583)
29.04.2024 - 17:22:15 - [TAB v4.1.4] Failed to enable. Did you just invent a new way to break the plugin by misconfiguring it?
29.04.2024 - 17:22:15 - java.lang.ArrayIndexOutOfBoundsException: Index 0 out of bounds for length 0
29.04.2024 - 17:22:15 - 	at me.neznamy.tab.libs.me.neznamy.yamlassist.types.BadIndentation.checkForIndent(BadIndentation.java:30)
29.04.2024 - 17:22:15 - 	at me.neznamy.tab.libs.me.neznamy.yamlassist.types.BadIndentation.getSuggestions(BadIndentation.java:17)
29.04.2024 - 17:22:15 - 	at me.neznamy.tab.libs.me.neznamy.yamlassist.YamlAssist.getSuggestions(YamlAssist.java:63)
29.04.2024 - 17:22:15 - 	at me.neznamy.tab.shared.config.file.YamlConfigurationFile.<init>(YamlConfigurationFile.java:61)
29.04.2024 - 17:22:15 - 	at me.neznamy.tab.shared.config.Configs.<init>(Configs.java:31)
29.04.2024 - 17:22:15 - 	at me.neznamy.tab.shared.TAB.load(TAB.java:171)
29.04.2024 - 17:22:15 - 	at me.neznamy.tab.shared.command.DisabledCommand.execute(DisabledCommand.java:30)
29.04.2024 - 17:22:15 - 	at me.neznamy.tab.platforms.bukkit.BukkitTabCommand.onCommand(BukkitTabCommand.java:25)
29.04.2024 - 17:22:15 - 	at org.bukkit.command.PluginCommand.execute(PluginCommand.java:45)
29.04.2024 - 17:22:15 - 	at org.bukkit.command.SimpleCommandMap.dispatch(SimpleCommandMap.java:146)
29.04.2024 - 17:22:15 - 	at org.bukkit.craftbukkit.v1_8_R3.CraftServer.dispatchCommand(CraftServer.java:666)
29.04.2024 - 17:22:15 - 	at net.minecraft.server.v1_8_R3.PlayerConnection.handleCommand(PlayerConnection.java:1189)
29.04.2024 - 17:22:15 - 	at net.minecraft.server.v1_8_R3.PlayerConnection.a(PlayerConnection.java:1001)
29.04.2024 - 17:22:15 - 	at net.minecraft.server.v1_8_R3.PacketPlayInChat.a(PacketPlayInChat.java:45)
29.04.2024 - 17:22:15 - 	at net.minecraft.server.v1_8_R3.PacketPlayInChat.a(PacketPlayInChat.java:1)
29.04.2024 - 17:22:15 - 	at net.minecraft.server.v1_8_R3.PlayerConnectionUtils$1.run(SourceFile:13)
29.04.2024 - 17:22:15 - 	at java.base/java.util.concurrent.Executors$RunnableAdapter.call(Executors.java:572)
29.04.2024 - 17:22:15 - 	at java.base/java.util.concurrent.FutureTask.run(FutureTask.java:317)
29.04.2024 - 17:22:15 - 	at net.minecraft.server.v1_8_R3.SystemUtils.a(SourceFile:44)
29.04.2024 - 17:22:15 - 	at net.minecraft.server.v1_8_R3.MinecraftServer.B(MinecraftServer.java:774)
29.04.2024 - 17:22:15 - 	at net.minecraft.server.v1_8_R3.DedicatedServer.B(DedicatedServer.java:378)
29.04.2024 - 17:22:15 - 	at net.minecraft.server.v1_8_R3.MinecraftServer.A(MinecraftServer.java:713)
29.04.2024 - 17:22:15 - 	at net.minecraft.server.v1_8_R3.MinecraftServer.run(MinecraftServer.java:616)
29.04.2024 - 17:22:15 - 	at java.base/java.lang.Thread.run(Thread.java:1583)
29.04.2024 - 17:24:47 - [TAB v4.1.4] Failed to enable. Did you just invent a new way to break the plugin by misconfiguring it?
29.04.2024 - 17:24:47 - java.lang.ArrayIndexOutOfBoundsException: Index 0 out of bounds for length 0
29.04.2024 - 17:24:47 - 	at me.neznamy.tab.libs.me.neznamy.yamlassist.types.BadIndentation.checkForIndent(BadIndentation.java:30)
29.04.2024 - 17:24:47 - 	at me.neznamy.tab.libs.me.neznamy.yamlassist.types.BadIndentation.getSuggestions(BadIndentation.java:17)
29.04.2024 - 17:24:47 - 	at me.neznamy.tab.libs.me.neznamy.yamlassist.YamlAssist.getSuggestions(YamlAssist.java:63)
29.04.2024 - 17:24:47 - 	at me.neznamy.tab.shared.config.file.YamlConfigurationFile.<init>(YamlConfigurationFile.java:61)
29.04.2024 - 17:24:47 - 	at me.neznamy.tab.shared.config.Configs.<init>(Configs.java:31)
29.04.2024 - 17:24:47 - 	at me.neznamy.tab.shared.TAB.load(TAB.java:171)
29.04.2024 - 17:24:47 - 	at me.neznamy.tab.shared.command.ReloadCommand.execute(ReloadCommand.java:24)
29.04.2024 - 17:24:47 - 	at me.neznamy.tab.shared.command.TabCommand.execute(TabCommand.java:52)
29.04.2024 - 17:24:47 - 	at me.neznamy.tab.platforms.bukkit.BukkitTabCommand.onCommand(BukkitTabCommand.java:34)
29.04.2024 - 17:24:47 - 	at org.bukkit.command.PluginCommand.execute(PluginCommand.java:45)
29.04.2024 - 17:24:47 - 	at org.bukkit.command.SimpleCommandMap.dispatch(SimpleCommandMap.java:146)
29.04.2024 - 17:24:47 - 	at org.bukkit.craftbukkit.v1_8_R3.CraftServer.dispatchCommand(CraftServer.java:666)
29.04.2024 - 17:24:47 - 	at net.minecraft.server.v1_8_R3.PlayerConnection.handleCommand(PlayerConnection.java:1189)
29.04.2024 - 17:24:47 - 	at net.minecraft.server.v1_8_R3.PlayerConnection.a(PlayerConnection.java:1001)
29.04.2024 - 17:24:47 - 	at net.minecraft.server.v1_8_R3.PacketPlayInChat.a(PacketPlayInChat.java:45)
29.04.2024 - 17:24:47 - 	at net.minecraft.server.v1_8_R3.PacketPlayInChat.a(PacketPlayInChat.java:1)
29.04.2024 - 17:24:47 - 	at net.minecraft.server.v1_8_R3.PlayerConnectionUtils$1.run(SourceFile:13)
29.04.2024 - 17:24:47 - 	at java.base/java.util.concurrent.Executors$RunnableAdapter.call(Executors.java:572)
29.04.2024 - 17:24:47 - 	at java.base/java.util.concurrent.FutureTask.run(FutureTask.java:317)
29.04.2024 - 17:24:47 - 	at net.minecraft.server.v1_8_R3.SystemUtils.a(SourceFile:44)
29.04.2024 - 17:24:47 - 	at net.minecraft.server.v1_8_R3.MinecraftServer.B(MinecraftServer.java:774)
29.04.2024 - 17:24:47 - 	at net.minecraft.server.v1_8_R3.DedicatedServer.B(DedicatedServer.java:378)
29.04.2024 - 17:24:47 - 	at net.minecraft.server.v1_8_R3.MinecraftServer.A(MinecraftServer.java:713)
29.04.2024 - 17:24:47 - 	at net.minecraft.server.v1_8_R3.MinecraftServer.run(MinecraftServer.java:616)
29.04.2024 - 17:24:47 - 	at java.base/java.lang.Thread.run(Thread.java:1583)
29.04.2024 - 17:33:58 - [TAB v4.1.4] Failed to enable. Did you just invent a new way to break the plugin by misconfiguring it?
29.04.2024 - 17:33:58 - java.lang.ArrayIndexOutOfBoundsException: Index 0 out of bounds for length 0
29.04.2024 - 17:33:58 - 	at me.neznamy.tab.libs.me.neznamy.yamlassist.types.BadIndentation.checkForIndent(BadIndentation.java:30)
29.04.2024 - 17:33:58 - 	at me.neznamy.tab.libs.me.neznamy.yamlassist.types.BadIndentation.getSuggestions(BadIndentation.java:17)
29.04.2024 - 17:33:58 - 	at me.neznamy.tab.libs.me.neznamy.yamlassist.YamlAssist.getSuggestions(YamlAssist.java:63)
29.04.2024 - 17:33:58 - 	at me.neznamy.tab.shared.config.file.YamlConfigurationFile.<init>(YamlConfigurationFile.java:61)
29.04.2024 - 17:33:58 - 	at me.neznamy.tab.shared.config.Configs.<init>(Configs.java:31)
29.04.2024 - 17:33:58 - 	at me.neznamy.tab.shared.TAB.load(TAB.java:171)
29.04.2024 - 17:33:58 - 	at me.neznamy.tab.shared.command.ReloadCommand.execute(ReloadCommand.java:24)
29.04.2024 - 17:33:58 - 	at me.neznamy.tab.shared.command.TabCommand.execute(TabCommand.java:52)
29.04.2024 - 17:33:58 - 	at me.neznamy.tab.platforms.bukkit.BukkitTabCommand.onCommand(BukkitTabCommand.java:34)
29.04.2024 - 17:33:58 - 	at org.bukkit.command.PluginCommand.execute(PluginCommand.java:45)
29.04.2024 - 17:33:58 - 	at org.bukkit.command.SimpleCommandMap.dispatch(SimpleCommandMap.java:146)
29.04.2024 - 17:33:58 - 	at org.bukkit.craftbukkit.v1_8_R3.CraftServer.dispatchCommand(CraftServer.java:666)
29.04.2024 - 17:33:58 - 	at net.minecraft.server.v1_8_R3.PlayerConnection.handleCommand(PlayerConnection.java:1189)
29.04.2024 - 17:33:58 - 	at net.minecraft.server.v1_8_R3.PlayerConnection.a(PlayerConnection.java:1001)
29.04.2024 - 17:33:58 - 	at net.minecraft.server.v1_8_R3.PacketPlayInChat.a(PacketPlayInChat.java:45)
29.04.2024 - 17:33:58 - 	at net.minecraft.server.v1_8_R3.PacketPlayInChat.a(PacketPlayInChat.java:1)
29.04.2024 - 17:33:58 - 	at net.minecraft.server.v1_8_R3.PlayerConnectionUtils$1.run(SourceFile:13)
29.04.2024 - 17:33:58 - 	at java.base/java.util.concurrent.Executors$RunnableAdapter.call(Executors.java:572)
29.04.2024 - 17:33:58 - 	at java.base/java.util.concurrent.FutureTask.run(FutureTask.java:317)
29.04.2024 - 17:33:58 - 	at net.minecraft.server.v1_8_R3.SystemUtils.a(SourceFile:44)
29.04.2024 - 17:33:58 - 	at net.minecraft.server.v1_8_R3.MinecraftServer.B(MinecraftServer.java:774)
29.04.2024 - 17:33:58 - 	at net.minecraft.server.v1_8_R3.DedicatedServer.B(DedicatedServer.java:378)
29.04.2024 - 17:33:58 - 	at net.minecraft.server.v1_8_R3.MinecraftServer.A(MinecraftServer.java:713)
29.04.2024 - 17:33:58 - 	at net.minecraft.server.v1_8_R3.MinecraftServer.run(MinecraftServer.java:616)
29.04.2024 - 17:33:58 - 	at java.base/java.lang.Thread.run(Thread.java:1583)
